# JRE version: OpenJDK Runtime Environment Temurin-17.0.10+7 (17.0.10+7) (build 17.0.10+7)
# Java VM: OpenJDK 64-Bit Server VM Temurin-17.0.10+7 (17.0.10+7, mixed mode, emulated-client, tiered, compressed oops, compressed class ptrs, g1 gc, windows-amd64)
GC Precious Log:
 CPUs: 8 total, 8 available
 Memory: 7975M
 Large Page Support: Disabled
 NUMA Support: Disabled
 Compressed Oops: Enabled (32-bit)
 Heap Region Size: 1M
 Heap Min Capacity: 8M
 Heap Initial Capacity: 126M
 Heap Max Capacity: 1G
 Pre-touch: Disabled
 Parallel Workers: 8
 Concurrent Workers: 2
 Concurrent Refinement Workers: 8
 Periodic GC: Disabled
Heap:
 garbage-first heap   total 78848K, used 26246K [0x00000000c0000000, 0x0000000100000000)
  region size 1024K, 1 young (1024K), 0 survivors (0K)
 Metaspace       used 47837K, committed 48512K, reserved 1114112K
  class space    used 6165K, committed 6464K, reserved 1048576K
GC Heap History (20 events):
Event: 329.074 GC heap before
{Heap before GC invocations=35 (full 25):
 garbage-first heap   total 78848K, used 27215K [0x00000000c0000000, 0x0000000100000000)
  region size 1024K, 1 young (1024K), 0 survivors (0K)
 Metaspace       used 47837K, committed 48512K, reserved 1114112K
  class space    used 6165K, committed 6464K, reserved 1048576K
}
Event: 329.092 GC heap after
{Heap after GC invocations=36 (full 26):
 garbage-first heap   total 78848K, used 26250K [0x00000000c0000000, 0x0000000100000000)
  region size 1024K, 0 young (0K), 0 survivors (0K)
 Metaspace       used 47837K, committed 48512K, reserved 1114112K
  class space    used 6165K, committed 6464K, reserved 1048576K
}
Event: 339.179 GC heap before
{Heap before GC invocations=36 (full 26):
 garbage-first heap   total 78848K, used 26250K [0x00000000c0000000, 0x0000000100000000)
  region size 1024K, 1 young (1024K), 0 survivors (0K)
 Metaspace       used 47837K, committed 48512K, reserved 1114112K
  class space    used 6165K, committed 6464K, reserved 1048576K
}
Event: 339.200 GC heap after
{Heap after GC invocations=37 (full 27):
 garbage-first heap   total 78848K, used 26250K [0x00000000c0000000, 0x0000000100000000)
  region size 1024K, 0 young (0K), 0 survivors (0K)
 Metaspace       used 47837K, committed 48512K, reserved 1114112K
  class space    used 6165K, committed 6464K, reserved 1048576K
}
Event: 349.284 GC heap before
{Heap before GC invocations=37 (full 27):
 garbage-first heap   total 78848K, used 26250K [0x00000000c0000000, 0x0000000100000000)
  region size 1024K, 1 young (1024K), 0 survivors (0K)
 Metaspace       used 47837K, committed 48512K, reserved 1114112K
  class space    used 6165K, committed 6464K, reserved 1048576K
}
Event: 349.300 GC heap after
{Heap after GC invocations=38 (full 28):
 garbage-first heap   total 78848K, used 26250K [0x00000000c0000000, 0x0000000100000000)
  region size 1024K, 0 young (0K), 0 survivors (0K)
 Metaspace       used 47837K, committed 48512K, reserved 1114112K
  class space    used 6165K, committed 6464K, reserved 1048576K
}
Event: 359.375 GC heap before
{Heap before GC invocations=38 (full 28):
 garbage-first heap   total 78848K, used 26250K [0x00000000c0000000, 0x0000000100000000)
  region size 1024K, 1 young (1024K), 0 survivors (0K)
 Metaspace       used 47837K, committed 48512K, reserved 1114112K
  class space    used 6165K, committed 6464K, reserved 1048576K
}
Event: 359.390 GC heap after
{Heap after GC invocations=39 (full 29):
 garbage-first heap   total 78848K, used 26250K [0x00000000c0000000, 0x0000000100000000)
  region size 1024K, 0 young (0K), 0 survivors (0K)
 Metaspace       used 47837K, committed 48512K, reserved 1114112K
  class space    used 6165K, committed 6464K, reserved 1048576K
}
Event: 369.512 GC heap before
{Heap before GC invocations=39 (full 29):
 garbage-first heap   total 78848K, used 26250K [0x00000000c0000000, 0x0000000100000000)
  region size 1024K, 1 young (1024K), 0 survivors (0K)
 Metaspace       used 47837K, committed 48512K, reserved 1114112K
  class space    used 6165K, committed 6464K, reserved 1048576K
}
Event: 369.542 GC heap after
{Heap after GC invocations=40 (full 30):
 garbage-first heap   total 78848K, used 26247K [0x00000000c0000000, 0x0000000100000000)
  region size 1024K, 0 young (0K), 0 survivors (0K)
 Metaspace       used 47837K, committed 48512K, reserved 1114112K
  class space    used 6165K, committed 6464K, reserved 1048576K
}
Event: 439.749 GC heap before
{Heap before GC invocations=40 (full 30):
 garbage-first heap   total 78848K, used 26247K [0x00000000c0000000, 0x0000000100000000)
  region size 1024K, 1 young (1024K), 0 survivors (0K)
 Metaspace       used 47837K, committed 48512K, reserved 1114112K
  class space    used 6165K, committed 6464K, reserved 1048576K
}
Event: 439.764 GC heap after
{Heap after GC invocations=41 (full 31):
 garbage-first heap   total 78848K, used 26246K [0x00000000c0000000, 0x0000000100000000)
  region size 1024K, 0 young (0K), 0 survivors (0K)
 Metaspace       used 47837K, committed 48512K, reserved 1114112K
  class space    used 6165K, committed 6464K, reserved 1048576K
}
Event: 449.886 GC heap before
{Heap before GC invocations=41 (full 31):
 garbage-first heap   total 78848K, used 26246K [0x00000000c0000000, 0x0000000100000000)
  region size 1024K, 1 young (1024K), 0 survivors (0K)
 Metaspace       used 47837K, committed 48512K, reserved 1114112K
  class space    used 6165K, committed 6464K, reserved 1048576K
}
Event: 449.911 GC heap after
{Heap after GC invocations=42 (full 32):
 garbage-first heap   total 78848K, used 26246K [0x00000000c0000000, 0x0000000100000000)
  region size 1024K, 0 young (0K), 0 survivors (0K)
 Metaspace       used 47837K, committed 48512K, reserved 1114112K
  class space    used 6165K, committed 6464K, reserved 1048576K
}
Event: 460.028 GC heap before
{Heap before GC invocations=42 (full 32):
 garbage-first heap   total 78848K, used 26246K [0x00000000c0000000, 0x0000000100000000)
  region size 1024K, 1 young (1024K), 0 survivors (0K)
 Metaspace       used 47837K, committed 48512K, reserved 1114112K
  class space    used 6165K, committed 6464K, reserved 1048576K
}
Event: 460.058 GC heap after
{Heap after GC invocations=43 (full 33):
 garbage-first heap   total 78848K, used 26246K [0x00000000c0000000, 0x0000000100000000)
  region size 1024K, 0 young (0K), 0 survivors (0K)
 Metaspace       used 47837K, committed 48512K, reserved 1114112K
  class space    used 6165K, committed 6464K, reserved 1048576K
}
Event: 470.181 GC heap before
{Heap before GC invocations=43 (full 33):
 garbage-first heap   total 78848K, used 26246K [0x00000000c0000000, 0x0000000100000000)
  region size 1024K, 1 young (1024K), 0 survivors (0K)
 Metaspace       used 47837K, committed 48512K, reserved 1114112K
  class space    used 6165K, committed 6464K, reserved 1048576K
}
Event: 470.208 GC heap after
{Heap after GC invocations=44 (full 34):
 garbage-first heap   total 78848K, used 26246K [0x00000000c0000000, 0x0000000100000000)
  region size 1024K, 0 young (0K), 0 survivors (0K)
 Metaspace       used 47837K, committed 48512K, reserved 1114112K
  class space    used 6165K, committed 6464K, reserved 1048576K
}
Event: 480.359 GC heap before
{Heap before GC invocations=44 (full 34):
 garbage-first heap   total 78848K, used 26246K [0x00000000c0000000, 0x0000000100000000)
  region size 1024K, 1 young (1024K), 0 survivors (0K)
 Metaspace       used 47837K, committed 48512K, reserved 1114112K
  class space    used 6165K, committed 6464K, reserved 1048576K
}
Event: 480.392 GC heap after
{Heap after GC invocations=45 (full 35):
 garbage-first heap   total 78848K, used 26246K [0x00000000c0000000, 0x0000000100000000)
  region size 1024K, 0 young (0K), 0 survivors (0K)
 Metaspace       used 47837K, committed 48512K, reserved 1114112K
  class space    used 6165K, committed 6464K, reserved 1048576K
}

