# JRE version: OpenJDK Runtime Environment Temurin-17.0.10+7 (17.0.10+7) (build 17.0.10+7)
# Java VM: OpenJDK 64-Bit Server VM Temurin-17.0.10+7 (17.0.10+7, mixed mode, emulated-client, tiered, compressed oops, compressed class ptrs, g1 gc, windows-amd64)
GC Precious Log:
 CPUs: 8 total, 8 available
 Memory: 7975M
 Large Page Support: Disabled
 NUMA Support: Disabled
 Compressed Oops: Enabled (32-bit)
 Heap Region Size: 1M
 Heap Min Capacity: 8M
 Heap Initial Capacity: 126M
 Heap Max Capacity: 1G
 Pre-touch: Disabled
 Parallel Workers: 8
 Concurrent Workers: 2
 Concurrent Refinement Workers: 8
 Periodic GC: Disabled
Heap:
 garbage-first heap   total 114688K, used 35819K [0x00000000c0000000, 0x0000000100000000)
  region size 1024K, 1 young (1024K), 0 survivors (0K)
 Metaspace       used 60364K, committed 60864K, reserved 1114112K
  class space    used 7560K, committed 7808K, reserved 1048576K
GC Heap History (20 events):
Event: 2092.065 GC heap before
{Heap before GC invocations=144 (full 105):
 garbage-first heap   total 114688K, used 35818K [0x00000000c0000000, 0x0000000100000000)
  region size 1024K, 1 young (1024K), 0 survivors (0K)
 Metaspace       used 60360K, committed 60864K, reserved 1114112K
  class space    used 7559K, committed 7808K, reserved 1048576K
}
Event: 2092.093 GC heap after
{Heap after GC invocations=145 (full 106):
 garbage-first heap   total 114688K, used 35818K [0x00000000c0000000, 0x0000000100000000)
  region size 1024K, 0 young (0K), 0 survivors (0K)
 Metaspace       used 60360K, committed 60864K, reserved 1114112K
  class space    used 7559K, committed 7808K, reserved 1048576K
}
Event: 2152.235 GC heap before
{Heap before GC invocations=145 (full 106):
 garbage-first heap   total 114688K, used 35818K [0x00000000c0000000, 0x0000000100000000)
  region size 1024K, 1 young (1024K), 0 survivors (0K)
 Metaspace       used 60360K, committed 60864K, reserved 1114112K
  class space    used 7559K, committed 7808K, reserved 1048576K
}
Event: 2152.278 GC heap after
{Heap after GC invocations=146 (full 107):
 garbage-first heap   total 114688K, used 35819K [0x00000000c0000000, 0x0000000100000000)
  region size 1024K, 0 young (0K), 0 survivors (0K)
 Metaspace       used 60360K, committed 60864K, reserved 1114112K
  class space    used 7559K, committed 7808K, reserved 1048576K
}
Event: 2162.358 GC heap before
{Heap before GC invocations=146 (full 107):
 garbage-first heap   total 114688K, used 35819K [0x00000000c0000000, 0x0000000100000000)
  region size 1024K, 1 young (1024K), 0 survivors (0K)
 Metaspace       used 60360K, committed 60864K, reserved 1114112K
  class space    used 7559K, committed 7808K, reserved 1048576K
}
Event: 2162.384 GC heap after
{Heap after GC invocations=147 (full 108):
 garbage-first heap   total 114688K, used 35819K [0x00000000c0000000, 0x0000000100000000)
  region size 1024K, 0 young (0K), 0 survivors (0K)
 Metaspace       used 60360K, committed 60864K, reserved 1114112K
  class space    used 7559K, committed 7808K, reserved 1048576K
}
Event: 2172.497 GC heap before
{Heap before GC invocations=147 (full 108):
 garbage-first heap   total 114688K, used 35819K [0x00000000c0000000, 0x0000000100000000)
  region size 1024K, 1 young (1024K), 0 survivors (0K)
 Metaspace       used 60360K, committed 60864K, reserved 1114112K
  class space    used 7559K, committed 7808K, reserved 1048576K
}
Event: 2172.532 GC heap after
{Heap after GC invocations=148 (full 109):
 garbage-first heap   total 114688K, used 35819K [0x00000000c0000000, 0x0000000100000000)
  region size 1024K, 0 young (0K), 0 survivors (0K)
 Metaspace       used 60360K, committed 60864K, reserved 1114112K
  class space    used 7559K, committed 7808K, reserved 1048576K
}
Event: 2212.664 GC heap before
{Heap before GC invocations=148 (full 109):
 garbage-first heap   total 114688K, used 35819K [0x00000000c0000000, 0x0000000100000000)
  region size 1024K, 1 young (1024K), 0 survivors (0K)
 Metaspace       used 60364K, committed 60864K, reserved 1114112K
  class space    used 7560K, committed 7808K, reserved 1048576K
}
Event: 2212.699 GC heap after
{Heap after GC invocations=149 (full 110):
 garbage-first heap   total 114688K, used 35820K [0x00000000c0000000, 0x0000000100000000)
  region size 1024K, 0 young (0K), 0 survivors (0K)
 Metaspace       used 60364K, committed 60864K, reserved 1114112K
  class space    used 7560K, committed 7808K, reserved 1048576K
}
Event: 2223.367 GC heap before
{Heap before GC invocations=149 (full 110):
 garbage-first heap   total 114688K, used 35820K [0x00000000c0000000, 0x0000000100000000)
  region size 1024K, 1 young (1024K), 0 survivors (0K)
 Metaspace       used 60364K, committed 60864K, reserved 1114112K
  class space    used 7560K, committed 7808K, reserved 1048576K
}
Event: 2223.419 GC heap after
{Heap after GC invocations=150 (full 111):
 garbage-first heap   total 114688K, used 35820K [0x00000000c0000000, 0x0000000100000000)
  region size 1024K, 0 young (0K), 0 survivors (0K)
 Metaspace       used 60364K, committed 60864K, reserved 1114112K
  class space    used 7560K, committed 7808K, reserved 1048576K
}
Event: 2233.499 GC heap before
{Heap before GC invocations=150 (full 111):
 garbage-first heap   total 114688K, used 35820K [0x00000000c0000000, 0x0000000100000000)
  region size 1024K, 1 young (1024K), 0 survivors (0K)
 Metaspace       used 60364K, committed 60864K, reserved 1114112K
  class space    used 7560K, committed 7808K, reserved 1048576K
}
Event: 2233.524 GC heap after
{Heap after GC invocations=151 (full 112):
 garbage-first heap   total 114688K, used 35820K [0x00000000c0000000, 0x0000000100000000)
  region size 1024K, 0 young (0K), 0 survivors (0K)
 Metaspace       used 60364K, committed 60864K, reserved 1114112K
  class space    used 7560K, committed 7808K, reserved 1048576K
}
Event: 2243.590 GC heap before
{Heap before GC invocations=151 (full 112):
 garbage-first heap   total 114688K, used 35820K [0x00000000c0000000, 0x0000000100000000)
  region size 1024K, 1 young (1024K), 0 survivors (0K)
 Metaspace       used 60364K, committed 60864K, reserved 1114112K
  class space    used 7560K, committed 7808K, reserved 1048576K
}
Event: 2243.616 GC heap after
{Heap after GC invocations=152 (full 113):
 garbage-first heap   total 114688K, used 35820K [0x00000000c0000000, 0x0000000100000000)
  region size 1024K, 0 young (0K), 0 survivors (0K)
 Metaspace       used 60364K, committed 60864K, reserved 1114112K
  class space    used 7560K, committed 7808K, reserved 1048576K
}
Event: 2253.720 GC heap before
{Heap before GC invocations=152 (full 113):
 garbage-first heap   total 114688K, used 35820K [0x00000000c0000000, 0x0000000100000000)
  region size 1024K, 1 young (1024K), 0 survivors (0K)
 Metaspace       used 60364K, committed 60864K, reserved 1114112K
  class space    used 7560K, committed 7808K, reserved 1048576K
}
Event: 2253.764 GC heap after
{Heap after GC invocations=153 (full 114):
 garbage-first heap   total 114688K, used 35820K [0x00000000c0000000, 0x0000000100000000)
  region size 1024K, 0 young (0K), 0 survivors (0K)
 Metaspace       used 60364K, committed 60864K, reserved 1114112K
  class space    used 7560K, committed 7808K, reserved 1048576K
}
Event: 2263.950 GC heap before
{Heap before GC invocations=153 (full 114):
 garbage-first heap   total 114688K, used 35820K [0x00000000c0000000, 0x0000000100000000)
  region size 1024K, 1 young (1024K), 0 survivors (0K)
 Metaspace       used 60364K, committed 60864K, reserved 1114112K
  class space    used 7560K, committed 7808K, reserved 1048576K
}
Event: 2264.003 GC heap after
{Heap after GC invocations=154 (full 115):
 garbage-first heap   total 114688K, used 35819K [0x00000000c0000000, 0x0000000100000000)
  region size 1024K, 0 young (0K), 0 survivors (0K)
 Metaspace       used 60364K, committed 60864K, reserved 1114112K
  class space    used 7560K, committed 7808K, reserved 1048576K
}

